<?xml version="1.0" encoding="UTF-8"?>
<testsuite xmlns:xsi="http://www.w3.org/2001/XMLSchema-instance" xsi:noNamespaceSchemaLocation="https://maven.apache.org/surefire/maven-surefire-plugin/xsd/surefire-test-report.xsd" version="3.0.2" name="com.voterverification.application.VoterVerificationApplicationTests" time="22.302" tests="1" errors="0" skipped="0" failures="0">
  <properties>
[...]
</properties>
  <testcase name="contextLoads" classname="com.voterverification.application.VoterVerificationApplicationTests" time="0.791">
    <system-out><![CDATA[15:40:11.925 [main] INFO org.springframework.test.context.support.AnnotationConfigContextLoaderUtils -- Could not detect default configuration classes for test class [com.voterverification.application.VoterVerificationApplicationTests]: VoterVerificationApplicationTests does not declare any static, non-private, non-final, nested classes annotated with @Configuration.
15:40:12.156 [main] INFO org.springframework.boot.test.context.SpringBootTestContextBootstrapper -- Found @SpringBootConfiguration com.voterverification.application.VoterVerificationApplication for test class com.voterverification.application.VoterVerificationApplicationTests
15:40:12.628 [main] INFO org.springframework.boot.devtools.restart.RestartApplicationListener -- Restart disabled due to context in which it is running

  .   ____          _            __ _ _
 /\\ / ___'_ __ _ _(_)_ __  __ _ \ \ \ \
( ( )\___ | '_ | '_| | '_ \/ _` | \ \ \ \
 \\/  ___)| |_)| | | | | || (_| |  ) ) ) )
  '  |____| .__|_| |_|_| |_\__, | / / / /
 =========|_|==============|___/=/_/_/_/

 :: Spring Boot ::                (v3.4.3)

2025-03-04T15:40:13.172+05:30  INFO 4612 --- [VoterVerificationApplication] [           main] c.v.a.VoterVerificationApplicationTests  : Starting VoterVerificationApplicationTests using Java 17.0.1 with PID 4612 (started by Daya sagar in D:\Spring Boot Practice\VoterVerificationApplication\VoterVerificationApplication)
2025-03-04T15:40:13.177+05:30  INFO 4612 --- [VoterVerificationApplication] [           main] c.v.a.VoterVerificationApplicationTests  : No active profile set, falling back to 1 default profile: "default"
2025-03-04T15:40:16.307+05:30  INFO 4612 --- [VoterVerificationApplication] [           main] .s.d.r.c.RepositoryConfigurationDelegate : Multiple Spring Data modules found, entering strict repository configuration mode
2025-03-04T15:40:16.310+05:30  INFO 4612 --- [VoterVerificationApplication] [           main] .s.d.r.c.RepositoryConfigurationDelegate : Bootstrapping Spring Data JPA repositories in DEFAULT mode.
2025-03-04T15:40:16.656+05:30  INFO 4612 --- [VoterVerificationApplication] [           main] .s.d.r.c.RepositoryConfigurationDelegate : Finished Spring Data repository scanning in 326 ms. Found 6 JPA repository interfaces.
2025-03-04T15:40:16.691+05:30  INFO 4612 --- [VoterVerificationApplication] [           main] .s.d.r.c.RepositoryConfigurationDelegate : Multiple Spring Data modules found, entering strict repository configuration mode
2025-03-04T15:40:16.694+05:30  INFO 4612 --- [VoterVerificationApplication] [           main] .s.d.r.c.RepositoryConfigurationDelegate : Bootstrapping Spring Data Redis repositories in DEFAULT mode.
2025-03-04T15:40:16.735+05:30  INFO 4612 --- [VoterVerificationApplication] [           main] .RepositoryConfigurationExtensionSupport : Spring Data Redis - Could not safely identify store assignment for repository candidate interface com.voterverification.application.repository.ContactRepository; If you want this repository to be a Redis repository, consider annotating your entities with one of these annotations: org.springframework.data.redis.core.RedisHash (preferred), or consider extending one of the following types with your repository: org.springframework.data.keyvalue.repository.KeyValueRepository
2025-03-04T15:40:16.739+05:30  INFO 4612 --- [VoterVerificationApplication] [           main] .RepositoryConfigurationExtensionSupport : Spring Data Redis - Could not safely identify store assignment for repository candidate interface com.voterverification.application.repository.ElectionBoardRepository; If you want this repository to be a Redis repository, consider annotating your entities with one of these annotations: org.springframework.data.redis.core.RedisHash (preferred), or consider extending one of the following types with your repository: org.springframework.data.keyvalue.repository.KeyValueRepository
2025-03-04T15:40:16.740+05:30  INFO 4612 --- [VoterVerificationApplication] [           main] .RepositoryConfigurationExtensionSupport : Spring Data Redis - Could not safely identify store assignment for repository candidate interface com.voterverification.application.repository.PasswordResetTokenRepostory; If you want this repository to be a Redis repository, consider annotating your entities with one of these annotations: org.springframework.data.redis.core.RedisHash (preferred), or consider extending one of the following types with your repository: org.springframework.data.keyvalue.repository.KeyValueRepository
2025-03-04T15:40:16.741+05:30  INFO 4612 --- [VoterVerificationApplication] [           main] .RepositoryConfigurationExtensionSupport : Spring Data Redis - Could not safely identify store assignment for repository candidate interface com.voterverification.application.repository.UsersRepoistory; If you want this repository to be a Redis repository, consider annotating your entities with one of these annotations: org.springframework.data.redis.core.RedisHash (preferred), or consider extending one of the following types with your repository: org.springframework.data.keyvalue.repository.KeyValueRepository
2025-03-04T15:40:16.741+05:30  INFO 4612 --- [VoterVerificationApplication] [           main] .RepositoryConfigurationExtensionSupport : Spring Data Redis - Could not safely identify store assignment for repository candidate interface com.voterverification.application.repository.UserVerificationTokenRepository; If you want this repository to be a Redis repository, consider annotating your entities with one of these annotations: org.springframework.data.redis.core.RedisHash (preferred), or consider extending one of the following types with your repository: org.springframework.data.keyvalue.repository.KeyValueRepository
2025-03-04T15:40:16.742+05:30  INFO 4612 --- [VoterVerificationApplication] [           main] .RepositoryConfigurationExtensionSupport : Spring Data Redis - Could not safely identify store assignment for repository candidate interface com.voterverification.application.repository.VoterRepository; If you want this repository to be a Redis repository, consider annotating your entities with one of these annotations: org.springframework.data.redis.core.RedisHash (preferred), or consider extending one of the following types with your repository: org.springframework.data.keyvalue.repository.KeyValueRepository
2025-03-04T15:40:16.743+05:30  INFO 4612 --- [VoterVerificationApplication] [           main] .s.d.r.c.RepositoryConfigurationDelegate : Finished Spring Data repository scanning in 22 ms. Found 0 Redis repository interfaces.
2025-03-04T15:40:18.846+05:30  INFO 4612 --- [VoterVerificationApplication] [           main] o.hibernate.jpa.internal.util.LogHelper  : HHH000204: Processing PersistenceUnitInfo [name: default]
2025-03-04T15:40:19.012+05:30  INFO 4612 --- [VoterVerificationApplication] [           main] org.hibernate.Version                    : HHH000412: Hibernate ORM core version 6.6.8.Final
2025-03-04T15:40:19.076+05:30  INFO 4612 --- [VoterVerificationApplication] [           main] o.h.c.internal.RegionFactoryInitiator    : HHH000026: Second-level cache disabled
2025-03-04T15:40:19.809+05:30  INFO 4612 --- [VoterVerificationApplication] [           main] o.s.o.j.p.SpringPersistenceUnitInfo      : No LoadTimeWeaver setup: ignoring JPA class transformer
2025-03-04T15:40:19.871+05:30  INFO 4612 --- [VoterVerificationApplication] [           main] com.zaxxer.hikari.HikariDataSource       : HikariPool-1 - Starting...
2025-03-04T15:40:20.426+05:30  INFO 4612 --- [VoterVerificationApplication] [           main] com.zaxxer.hikari.pool.HikariPool        : HikariPool-1 - Added connection com.mysql.cj.jdbc.ConnectionImpl@53d2b827
2025-03-04T15:40:20.430+05:30  INFO 4612 --- [VoterVerificationApplication] [           main] com.zaxxer.hikari.HikariDataSource       : HikariPool-1 - Start completed.
2025-03-04T15:40:20.640+05:30  INFO 4612 --- [VoterVerificationApplication] [           main] org.hibernate.orm.connections.pooling    : HHH10001005: Database info:
	Database JDBC URL [Connecting through datasource 'HikariDataSource (HikariPool-1)']
	Database driver: undefined/unknown
	Database version: 8.0.36
	Autocommit mode: undefined/unknown
	Isolation level: undefined/unknown
	Minimum pool size: undefined/unknown
	Maximum pool size: undefined/unknown
2025-03-04T15:40:23.406+05:30  INFO 4612 --- [VoterVerificationApplication] [           main] o.h.e.t.j.p.i.JtaPlatformInitiator       : HHH000489: No JTA platform available (set 'hibernate.transaction.jta.platform' to enable JTA platform integration)
2025-03-04T15:40:23.603+05:30  INFO 4612 --- [VoterVerificationApplication] [           main] j.LocalContainerEntityManagerFactoryBean : Initialized JPA EntityManagerFactory for persistence unit 'default'
2025-03-04T15:40:24.538+05:30  INFO 4612 --- [VoterVerificationApplication] [           main] o.s.d.j.r.query.QueryEnhancerFactory     : Hibernate is in classpath; If applicable, HQL parser will be used.
This is in filter
2025-03-04T15:40:27.381+05:30  INFO 4612 --- [VoterVerificationApplication] [           main] eAuthenticationProviderManagerConfigurer : Global AuthenticationManager configured with AuthenticationProvider bean with name authenticationProvider
2025-03-04T15:40:27.382+05:30  WARN 4612 --- [VoterVerificationApplication] [           main] r$InitializeUserDetailsManagerConfigurer : Global AuthenticationManager configured with an AuthenticationProvider bean. UserDetailsService beans will not be used by Spring Security for automatically configuring username/password login. Consider removing the AuthenticationProvider bean. Alternatively, consider using the UserDetailsService in a manually instantiated DaoAuthenticationProvider. If the current configuration is intentional, to turn off this warning, increase the logging level of 'org.springframework.security.config.annotation.authentication.configuration.InitializeUserDetailsBeanManagerConfigurer' to ERROR
2025-03-04T15:40:29.342+05:30  WARN 4612 --- [VoterVerificationApplication] [           main] JpaBaseConfiguration$JpaWebConfiguration : spring.jpa.open-in-view is enabled by default. Therefore, database queries may be performed during view rendering. Explicitly configure spring.jpa.open-in-view to disable this warning
2025-03-04T15:40:30.704+05:30  INFO 4612 --- [VoterVerificationApplication] [           main] o.s.b.a.e.web.EndpointLinksResolver      : Exposing 1 endpoint beneath base path '/actuator'
2025-03-04T15:40:32.969+05:30  INFO 4612 --- [VoterVerificationApplication] [           main] c.v.a.VoterVerificationApplicationTests  : Started VoterVerificationApplicationTests in 20.369 seconds (process running for 22.456)
]]></system-out>
  </testcase>
</testsuite>